<?xml version="1.0" encoding="UTF-8"?>
<!-- Generated by org.testng.reporters.JUnitXMLReporter -->
<testsuite ignored="0" hostname="God" failures="0" tests="34" name="Default test" time="80.338" errors="0" timestamp="2024-08-03T16:17:48 ICT">
  <testcase classname="test.TestWeb" name="checkTitle" time="0.032"/>
  <testcase classname="test.TestWeb" name="checkTitleUserManagement" time="19.777"/>
  <testcase classname="test.TestWeb" name="testLoginSuccessfullyChecTitle" time="0.973"/>
  <testcase classname="test.TestWeb" name="testLoginSuccessfullyCheckEnterManagement" time="0.962"/>
  <testcase classname="test.TestWeb" name="testLoginSuccessfullyCheckManagement" time="0.901"/>
  <testcase classname="test.TestWeb" name="testLoginSuccessfullyCheckTitle" time="0.908"/>
  <testcase classname="test.TestWeb" name="testLoginSuccessfullyCheckWelcome" time="0.904"/>
  <testcase classname="test.TestWeb" name="testLoginWithAccountHasNotBeenReigstered" time="0.75"/>
  <testcase classname="test.TestWeb" name="testLoginWithAccountHasNotBeenReigstered1" time="0.744"/>
  <testcase classname="test.TestWeb" name="testLoginWithAccountHasNotBeenReigstered2" time="0.804"/>
  <testcase classname="test.TestWeb" name="testLoginWithAccountHasNotBeenReigstered3" time="0.837"/>
  <testcase classname="test.TestWeb" name="testLoginWithEmptyPassword" time="0.7"/>
  <testcase classname="test.TestWeb" name="testLoginWithEmptyPasswordAndEmptyUsername" time="0.646"/>
  <testcase classname="test.TestWeb" name="testLoginWithEmptyUsername" time="0.75"/>
  <testcase classname="test.TestWeb" name="testLoginWr" time="0.673"/>
  <testcase classname="test.TestWeb" name="testRegister" time="1.032"/>
  <testcase classname="test.TestWeb" name="testRegisterAllEmpty" time="0.648"/>
  <testcase classname="test.TestWeb" name="testRegisterFullNameEmpty" time="0.902"/>
  <testcase classname="test.TestWeb" name="testRegisterNotEqualPasswordAndConfirm" time="0.89"/>
  <testcase classname="test.TestWeb" name="testRegisterPasswordEmpty" time="1.053"/>
  <testcase classname="test.TestWeb" name="testRegisterUsernameEmpty" time="0.956"/>
  <testcase classname="test.TestWeb" name="testResetButton" time="2.208"/>
  <testcase classname="test.TestWeb" name="testSession" time="2.177"/>
  <testcase classname="test.TestWeb" name="testUserFormSubmission" time="2.585"/>
  <testcase classname="test.TestWeb" name="testUserFormSubmissionAllEmpty" time="2.629"/>
  <testcase classname="test.TestWeb" name="testUserFormSubmissionConflict" time="5.254"/>
  <testcase classname="test.TestWeb" name="testUserFormSubmissionEmailEmpty" time="3.163"/>
  <testcase classname="test.TestWeb" name="testUserFormSubmissionFullnameEmpty" time="3.018"/>
  <testcase classname="test.TestWeb" name="testUserFormSubmissionPasswordEmpty" time="2.221"/>
  <testcase classname="test.TestWeb" name="testUserFormSubmissionUsernameEmpty" time="2.334"/>
  <testcase classname="test.TestWeb" name="testUserFormWithUserHasNotBeernREgistered" time="0.539"/>
  <testcase classname="test.TestWeb" name="testUserFormWithUserRole" time="0.648"/>
  <testcase classname="test.TestWeb" name="testUserFormWithUserRoleEmptyPassword" time="0.492"/>
  <testcase classname="test.TestWeb" name="testUserFormWithUserRoleEmptyUsername" time="0.516"/>
</testsuite> <!-- Default test -->
